{"target": -1.2426263093948364, "params": {"lr": 0.004228517846555483}, "datetime": {"datetime": "2021-05-30 19:11:06", "elapsed": 0.0, "delta": 0.0}}
{"target": -1.4767040014266968, "params": {"lr": 0.007231212485077366}, "datetime": {"datetime": "2021-05-30 19:11:09", "elapsed": 3.160472, "delta": 3.160472}}
{"target": -1.1676727533340454, "params": {"lr": 0.00010113231069171439}, "datetime": {"datetime": "2021-05-30 19:11:12", "elapsed": 5.921277, "delta": 2.760805}}
{"target": -1.0123707950115204, "params": {"lr": 0.00011484759273546576}, "datetime": {"datetime": "2021-05-30 19:11:15", "elapsed": 8.823298, "delta": 2.902021}}
{"target": -0.9184025883674621, "params": {"lr": 0.0001321876200454665}, "datetime": {"datetime": "2021-05-30 19:11:18", "elapsed": 11.776662, "delta": 2.953364}}
{"target": -0.8540705442428589, "params": {"lr": 0.00017813578098281244}, "datetime": {"datetime": "2021-05-30 19:11:21", "elapsed": 14.715129, "delta": 2.938467}}
{"target": -0.8066352946417672, "params": {"lr": 0.0002281375068427262}, "datetime": {"datetime": "2021-05-30 19:11:24", "elapsed": 18.015141, "delta": 3.300012}}
{"target": -0.7696280926465988, "params": {"lr": 0.0002860697105089111}, "datetime": {"datetime": "2021-05-30 19:11:27", "elapsed": 21.119973, "delta": 3.104832}}
{"target": -0.7395474447144402, "params": {"lr": 0.0003490615644530626}, "datetime": {"datetime": "2021-05-30 19:11:31", "elapsed": 24.538878, "delta": 3.418905}}
{"target": -0.7142943561077117, "params": {"lr": 0.0004167632322967643}, "datetime": {"datetime": "2021-05-30 19:11:34", "elapsed": 27.669821, "delta": 3.130943}}
{"target": -0.6925598599693992, "params": {"lr": 0.00048826239371710167}, "datetime": {"datetime": "2021-05-30 19:11:37", "elapsed": 30.73575, "delta": 3.065929}}
{"target": -0.6734929035107294, "params": {"lr": 0.0005630814852648737}, "datetime": {"datetime": "2021-05-30 19:11:40", "elapsed": 33.799516, "delta": 3.063766}}
{"target": -0.6565121549826402, "params": {"lr": 0.0006405823294778518}, "datetime": {"datetime": "2021-05-30 19:11:43", "elapsed": 36.908881, "delta": 3.109365}}
{"target": -0.641199882541384, "params": {"lr": 0.0007203529580331349}, "datetime": {"datetime": "2021-05-30 19:11:46", "elapsed": 39.962316, "delta": 3.053435}}
{"target": -0.6272500673929851, "params": {"lr": 0.0008018459911805858}, "datetime": {"datetime": "2021-05-30 19:11:49", "elapsed": 43.219194, "delta": 3.256878}}
{"target": -0.6144307553768158, "params": {"lr": 0.0008864293881152537}, "datetime": {"datetime": "2021-05-30 19:11:52", "elapsed": 46.384516, "delta": 3.165322}}
{"target": -0.6025812555761898, "params": {"lr": 0.0009729363995398274}, "datetime": {"datetime": "2021-05-30 19:11:56", "elapsed": 49.557613, "delta": 3.173097}}
{"target": -0.5915721986028883, "params": {"lr": 0.00106106269676364}, "datetime": {"datetime": "2021-05-30 19:11:59", "elapsed": 52.752908, "delta": 3.195295}}
{"target": -0.5813278995062175, "params": {"lr": 0.0011504939571069107}, "datetime": {"datetime": "2021-05-30 19:12:02", "elapsed": 56.047631, "delta": 3.294723}}
{"target": -0.5717643558979034, "params": {"lr": 0.0012413661250504104}, "datetime": {"datetime": "2021-05-30 19:12:05", "elapsed": 59.338715, "delta": 3.291084}}
{"target": -0.5628277205285572, "params": {"lr": 0.0013335607466588842}, "datetime": {"datetime": "2021-05-30 19:12:09", "elapsed": 62.698076, "delta": 3.359361}}
{"target": -0.5544977215203372, "params": {"lr": 0.0014270319208605036}, "datetime": {"datetime": "2021-05-30 19:12:12", "elapsed": 65.921783, "delta": 3.223707}}
{"target": -0.5467388811318771, "params": {"lr": 0.0015217216885642223}, "datetime": {"datetime": "2021-05-30 19:12:15", "elapsed": 69.179072, "delta": 3.257289}}
