{"target": -1.2414804697036743, "params": {"lr": 0.004228517846555483}, "datetime": {"datetime": "2021-05-31 15:47:23", "elapsed": 0.0, "delta": 0.0}}
{"target": -1.47596675157547, "params": {"lr": 0.007231212485077366}, "datetime": {"datetime": "2021-05-31 15:47:26", "elapsed": 3.04437, "delta": 3.04437}}
{"target": -1.16700945297877, "params": {"lr": 0.00010113231069171439}, "datetime": {"datetime": "2021-05-31 15:47:30", "elapsed": 6.200931, "delta": 3.156561}}
{"target": -1.0117438584566116, "params": {"lr": 0.00011484759273546576}, "datetime": {"datetime": "2021-05-31 15:47:33", "elapsed": 9.12069, "delta": 2.919759}}
{"target": -0.917814314365387, "params": {"lr": 0.0001321876200454665}, "datetime": {"datetime": "2021-05-31 15:47:36", "elapsed": 12.450523, "delta": 3.329833}}
{"target": -0.8535292049249014, "params": {"lr": 0.00017813578098281244}, "datetime": {"datetime": "2021-05-31 15:47:39", "elapsed": 15.374027, "delta": 2.923504}}
{"target": -0.8061111569404602, "params": {"lr": 0.00022812167361439627}, "datetime": {"datetime": "2021-05-31 15:47:42", "elapsed": 18.709773, "delta": 3.335746}}
{"target": -0.7691207230091095, "params": {"lr": 0.0002860337610206288}, "datetime": {"datetime": "2021-05-31 15:47:46", "elapsed": 22.093943, "delta": 3.38417}}
